<?xml version="1.0" encoding="UTF-8"?>
<!-- Generated by org.testng.reporters.JUnitXMLReporter -->
<testsuite ignored="0" hostname="Selva" failures="0" tests="4" name="Default test" time="10.871" errors="0" timestamp="2024-01-17T16:13:40 IST">
  <testcase classname="com.redbus.qa.Tests.TestHomePage" name="test_homepagegettitle" time="0.015"/>
  <testcase classname="com.redbus.qa.Tests.TestHomePage" name="test_Clickonbusticket" time="1.733"/>
  <testcase classname="com.redbus.qa.Tests.TestHomePage" name="test_Clickoncabrental" time="2.563"/>
  <testcase classname="com.redbus.qa.Tests.TestHomePage" name="test_ClickonredRail" time="1.215"/>
</testsuite> <!-- Default test -->
