<?xml version="1.0" encoding="UTF-8"?>
<testng-results ignored="0" total="4" passed="4" failed="0" skipped="0">
  <reporter-output>
  </reporter-output>
  <suite started-at="2024-01-17T16:13:29 IST" name="Default suite" finished-at="2024-01-17T16:13:40 IST" duration-ms="10871">
    <groups>
    </groups>
    <test started-at="2024-01-17T16:13:29 IST" name="Default test" finished-at="2024-01-17T16:13:40 IST" duration-ms="10871">
      <class name="com.redbus.qa.Tests.TestHomePage">
        <test-method is-config="true" signature="InitializeExtentReport()[pri:0, instance:com.redbus.qa.Tests.TestHomePage@3bf7ca37]" started-at="2024-01-17T16:13:29 IST" name="InitializeExtentReport" finished-at="2024-01-17T16:13:29 IST" duration-ms="256" status="PASS">
          <reporter-output>
          </reporter-output>
        </test-method> <!-- InitializeExtentReport -->
        <test-method is-config="true" signature="getNameMethod(org.testng.ITestContext)[pri:0, instance:com.redbus.qa.Tests.TestHomePage@3bf7ca37]" started-at="2024-01-17T16:13:29 IST" name="getNameMethod" finished-at="2024-01-17T16:13:29 IST" duration-ms="7" status="PASS">
          <params>
            <param index="0">
              <value>
                <![CDATA[org.testng.TestRunner@2c05ff9d]]>
              </value>
            </param>
          </params>
          <reporter-output>
          </reporter-output>
        </test-method> <!-- getNameMethod -->
        <test-method is-config="true" signature="openApp()[pri:0, instance:com.redbus.qa.Tests.TestHomePage@3bf7ca37]" started-at="2024-01-17T16:13:29 IST" name="openApp" finished-at="2024-01-17T16:13:34 IST" duration-ms="5300" status="PASS">
          <reporter-output>
          </reporter-output>
        </test-method> <!-- openApp -->
        <test-method signature="test_homepagegettitle()[pri:49, instance:com.redbus.qa.Tests.TestHomePage@3bf7ca37]" started-at="2024-01-17T16:13:34 IST" name="test_homepagegettitle" finished-at="2024-01-17T16:13:34 IST" duration-ms="15" status="PASS">
          <reporter-output>
          </reporter-output>
        </test-method> <!-- test_homepagegettitle -->
        <test-method is-config="true" signature="generateTestStatus(java.lang.reflect.Method,org.testng.ITestResult)[pri:0, instance:com.redbus.qa.Tests.TestHomePage@3bf7ca37]" started-at="2024-01-17T16:13:34 IST" name="generateTestStatus" finished-at="2024-01-17T16:13:34 IST" duration-ms="0" status="PASS">
          <params>
            <param index="0">
              <value>
                <![CDATA[public void com.redbus.qa.Tests.TestHomePage.test_homepagegettitle()]]>
              </value>
            </param>
            <param index="1">
              <value>
                <![CDATA[[TestResult name=test_homepagegettitle status=SUCCESS method=TestHomePage.test_homepagegettitle()[pri:49, instance:com.redbus.qa.Tests.TestHomePage@3bf7ca37] output={null}]]]>
              </value>
            </param>
          </params>
          <reporter-output>
          </reporter-output>
        </test-method> <!-- generateTestStatus -->
        <test-method signature="test_Clickonbusticket()[pri:50, instance:com.redbus.qa.Tests.TestHomePage@3bf7ca37]" started-at="2024-01-17T16:13:34 IST" name="test_Clickonbusticket" finished-at="2024-01-17T16:13:36 IST" duration-ms="1733" status="PASS">
          <reporter-output>
          </reporter-output>
        </test-method> <!-- test_Clickonbusticket -->
        <test-method signature="test_Clickoncabrental()[pri:51, instance:com.redbus.qa.Tests.TestHomePage@3bf7ca37]" started-at="2024-01-17T16:13:36 IST" name="test_Clickoncabrental" finished-at="2024-01-17T16:13:38 IST" duration-ms="2563" status="PASS">
          <reporter-output>
          </reporter-output>
        </test-method> <!-- test_Clickoncabrental -->
        <test-method is-config="true" signature="generateTestStatus(java.lang.reflect.Method,org.testng.ITestResult)[pri:0, instance:com.redbus.qa.Tests.TestHomePage@3bf7ca37]" started-at="2024-01-17T16:13:36 IST" name="generateTestStatus" finished-at="2024-01-17T16:13:36 IST" duration-ms="0" status="PASS">
          <params>
            <param index="0">
              <value>
                <![CDATA[public void com.redbus.qa.Tests.TestHomePage.test_Clickonbusticket()]]>
              </value>
            </param>
            <param index="1">
              <value>
                <![CDATA[[TestResult name=test_Clickonbusticket status=SUCCESS method=TestHomePage.test_Clickonbusticket()[pri:50, instance:com.redbus.qa.Tests.TestHomePage@3bf7ca37] output={null}]]]>
              </value>
            </param>
          </params>
          <reporter-output>
          </reporter-output>
        </test-method> <!-- generateTestStatus -->
        <test-method signature="test_ClickonredRail()[pri:52, instance:com.redbus.qa.Tests.TestHomePage@3bf7ca37]" started-at="2024-01-17T16:13:38 IST" name="test_ClickonredRail" finished-at="2024-01-17T16:13:40 IST" duration-ms="1215" status="PASS">
          <reporter-output>
          </reporter-output>
        </test-method> <!-- test_ClickonredRail -->
        <test-method is-config="true" signature="generateTestStatus(java.lang.reflect.Method,org.testng.ITestResult)[pri:0, instance:com.redbus.qa.Tests.TestHomePage@3bf7ca37]" started-at="2024-01-17T16:13:38 IST" name="generateTestStatus" finished-at="2024-01-17T16:13:38 IST" duration-ms="0" status="PASS">
          <params>
            <param index="0">
              <value>
                <![CDATA[public void com.redbus.qa.Tests.TestHomePage.test_Clickoncabrental()]]>
              </value>
            </param>
            <param index="1">
              <value>
                <![CDATA[[TestResult name=test_Clickoncabrental status=SUCCESS method=TestHomePage.test_Clickoncabrental()[pri:51, instance:com.redbus.qa.Tests.TestHomePage@3bf7ca37] output={null}]]]>
              </value>
            </param>
          </params>
          <reporter-output>
          </reporter-output>
        </test-method> <!-- generateTestStatus -->
        <test-method is-config="true" signature="generateTestStatus(java.lang.reflect.Method,org.testng.ITestResult)[pri:0, instance:com.redbus.qa.Tests.TestHomePage@3bf7ca37]" started-at="2024-01-17T16:13:40 IST" name="generateTestStatus" finished-at="2024-01-17T16:13:40 IST" duration-ms="0" status="PASS">
          <params>
            <param index="0">
              <value>
                <![CDATA[public void com.redbus.qa.Tests.TestHomePage.test_ClickonredRail() throws java.lang.InterruptedException]]>
              </value>
            </param>
            <param index="1">
              <value>
                <![CDATA[[TestResult name=test_ClickonredRail status=SUCCESS method=TestHomePage.test_ClickonredRail()[pri:52, instance:com.redbus.qa.Tests.TestHomePage@3bf7ca37] output={null}]]]>
              </value>
            </param>
          </params>
          <reporter-output>
          </reporter-output>
        </test-method> <!-- generateTestStatus -->
        <test-method is-config="true" signature="generateReports()[pri:0, instance:com.redbus.qa.Tests.TestHomePage@3bf7ca37]" started-at="2024-01-17T16:13:40 IST" name="generateReports" finished-at="2024-01-17T16:13:43 IST" duration-ms="2870" status="PASS">
          <reporter-output>
          </reporter-output>
        </test-method> <!-- generateReports -->
      </class> <!-- com.redbus.qa.Tests.TestHomePage -->
    </test> <!-- Default test -->
  </suite> <!-- Default suite -->
</testng-results>
